Daemon PID 1510 wrote log 0
Daemon PID 1510 wrote log 1
Daemon PID 1510 wrote log 2
Daemon PID 1510 wrote log 3
Daemon PID 1510 wrote log 4
Daemon PID 1510 wrote log 5
Daemon PID 1510 wrote log 6
Daemon PID 1510 wrote log 7
Daemon PID 1510 wrote log 8
Daemon PID 1510 wrote log 9
<<<<<<< HEAD
Daemon PID 592 wrote log 0
Daemon PID 592 wrote log 1
Daemon PID 592 wrote log 2
Daemon PID 592 wrote log 3
Daemon PID 592 wrote log 4
Daemon PID 592 wrote log 5
Daemon PID 592 wrote log 6
Daemon PID 592 wrote log 7
Daemon PID 592 wrote log 8
Daemon PID 592 wrote log 9
Daemon PID 2128 wrote log 0
Daemon PID 2128 wrote log 1
Daemon PID 2128 wrote log 2
Daemon PID 2128 wrote log 3
Daemon PID 2128 wrote log 4
Daemon PID 2128 wrote log 5
Daemon PID 2128 wrote log 6
Daemon PID 2128 wrote log 7
Daemon PID 2128 wrote log 8
Daemon PID 2128 wrote log 9
Daemon PID 2223 wrote log 0
Daemon PID 2223 wrote log 1
Daemon PID 2223 wrote log 2
Daemon PID 2223 wrote log 3
Daemon PID 2223 wrote log 4
Daemon PID 2223 wrote log 5
Daemon PID 2223 wrote log 6
Daemon PID 2223 wrote log 7
Daemon PID 2223 wrote log 8
Daemon PID 2223 wrote log 9
Daemon PID 2289 wrote log 0
Daemon PID 2289 wrote log 1
Daemon PID 2289 wrote log 2
Daemon PID 2289 wrote log 3
Daemon PID 2289 wrote log 4
Daemon PID 2289 wrote log 5
Daemon PID 2289 wrote log 6
Daemon PID 2289 wrote log 7
Daemon PID 2289 wrote log 8
Daemon PID 2289 wrote log 9
Daemon PID 2436 wrote log 0
Daemon PID 2436 wrote log 1
Daemon PID 2436 wrote log 2
Daemon PID 2436 wrote log 3
Daemon PID 2436 wrote log 4
Daemon PID 2436 wrote log 5
Daemon PID 2436 wrote log 6
Daemon PID 2436 wrote log 7
Daemon PID 2436 wrote log 8
Daemon PID 2522 wrote log 0
Daemon PID 2436 wrote log 9
Daemon PID 2522 wrote log 1
Daemon PID 2522 wrote log 2
Daemon PID 2522 wrote log 3
Daemon PID 2522 wrote log 4
Daemon PID 2522 wrote log 5
Daemon PID 2522 wrote log 6
Daemon PID 2522 wrote log 7
Daemon PID 2522 wrote log 8
Daemon PID 2522 wrote log 9
Daemon PID 2736 wrote log 0
Daemon PID 2736 wrote log 1
Daemon PID 2736 wrote log 2
Daemon PID 2736 wrote log 3
Daemon PID 2736 wrote log 4
Daemon PID 2736 wrote log 5
Daemon PID 2736 wrote log 6
Daemon PID 2736 wrote log 7
Daemon PID 2736 wrote log 8
Daemon PID 2736 wrote log 9
Daemon PID 2865 wrote log 0
Daemon PID 2865 wrote log 1
Daemon PID 2870 wrote log 0
Daemon PID 2865 wrote log 2
Daemon PID 2870 wrote log 1
Daemon PID 2865 wrote log 3
Daemon PID 2870 wrote log 2
Daemon PID 2865 wrote log 4
Daemon PID 2870 wrote log 3
Daemon PID 2865 wrote log 5
Daemon PID 2870 wrote log 4
Daemon PID 2865 wrote log 6
Daemon PID 2870 wrote log 5
Daemon PID 2865 wrote log 7
Daemon PID 2870 wrote log 6
Daemon PID 2865 wrote log 8
Daemon PID 2870 wrote log 7
Daemon PID 2865 wrote log 9
Daemon PID 2870 wrote log 8
Daemon PID 2870 wrote log 9
Daemon PID 2933 wrote log 0
Daemon PID 2933 wrote log 1
Daemon PID 2933 wrote log 2
Daemon PID 2933 wrote log 3
Daemon PID 2933 wrote log 4
Daemon PID 2933 wrote log 5
Daemon PID 2933 wrote log 6
Daemon PID 2933 wrote log 7
Daemon PID 2933 wrote log 8
Daemon PID 2933 wrote log 9
Daemon PID 2969 wrote log 0
Daemon PID 2969 wrote log 1
Daemon PID 2969 wrote log 2
Daemon PID 2969 wrote log 3
Daemon PID 2969 wrote log 4
Daemon PID 2969 wrote log 5
Daemon PID 2969 wrote log 6
Daemon PID 2969 wrote log 7
Daemon PID 2969 wrote log 8
Daemon PID 2969 wrote log 9
Daemon PID 3227 wrote log 0
Daemon PID 3227 wrote log 1
Daemon PID 3227 wrote log 2
Daemon PID 3227 wrote log 3
Daemon PID 3227 wrote log 4
Daemon PID 3227 wrote log 5
Daemon PID 3227 wrote log 6
Daemon PID 3227 wrote log 7
Daemon PID 3227 wrote log 8
Daemon PID 3276 wrote log 0
Daemon PID 3227 wrote log 9
Daemon PID 3276 wrote log 1
Daemon PID 3276 wrote log 2
Daemon PID 3276 wrote log 3
Daemon PID 3276 wrote log 4
Daemon PID 3276 wrote log 5
Daemon PID 3276 wrote log 6
Daemon PID 3276 wrote log 7
Daemon PID 3378 wrote log 0
Daemon PID 3276 wrote log 8
Daemon PID 3382 wrote log 0
Daemon PID 3378 wrote log 1
Daemon PID 3386 wrote log 0
Daemon PID 3276 wrote log 9
Daemon PID 3382 wrote log 1
Daemon PID 3378 wrote log 2
Daemon PID 3386 wrote log 1
Daemon PID 3382 wrote log 2
Daemon PID 3378 wrote log 3
Daemon PID 3386 wrote log 2
Daemon PID 3382 wrote log 3
Daemon PID 3378 wrote log 4
Daemon PID 3386 wrote log 3
Daemon PID 3382 wrote log 4
Daemon PID 3378 wrote log 5
Daemon PID 3386 wrote log 4
Daemon PID 3382 wrote log 5
Daemon PID 3378 wrote log 6
Daemon PID 3386 wrote log 5
Daemon PID 3382 wrote log 6
Daemon PID 3386 wrote log 6
Daemon PID 3378 wrote log 7
Daemon PID 3382 wrote log 7
Daemon PID 3386 wrote log 7
Daemon PID 3378 wrote log 8
Daemon PID 3382 wrote log 8
Daemon PID 3386 wrote log 8
Daemon PID 3378 wrote log 9
Daemon PID 3382 wrote log 9
Daemon PID 3386 wrote log 9
Daemon PID 3494 wrote log 0
Daemon PID 3498 wrote log 0
Daemon PID 3494 wrote log 1
Daemon PID 3498 wrote log 1
Daemon PID 3494 wrote log 2
Daemon PID 3502 wrote log 0
Daemon PID 3498 wrote log 2
Daemon PID 3494 wrote log 3
Daemon PID 3502 wrote log 1
Daemon PID 3494 wrote log 4
Daemon PID 3506 wrote log 0
Daemon PID 3502 wrote log 2
Daemon PID 3498 wrote log 3
Daemon PID 3494 wrote log 5
Daemon PID 3498 wrote log 4
Daemon PID 3502 wrote log 3
Daemon PID 3506 wrote log 1
Daemon PID 3494 wrote log 6
Daemon PID 3498 wrote log 5
Daemon PID 3502 wrote log 4
Daemon PID 3506 wrote log 2
Daemon PID 3494 wrote log 7
Daemon PID 3502 wrote log 5
Daemon PID 3498 wrote log 6
Daemon PID 3506 wrote log 3
Daemon PID 3494 wrote log 8
Daemon PID 3502 wrote log 6
Daemon PID 3498 wrote log 7
Daemon PID 3506 wrote log 4
Daemon PID 3494 wrote log 9
Daemon PID 3502 wrote log 7
Daemon PID 3498 wrote log 8
Daemon PID 3506 wrote log 5
Daemon PID 3498 wrote log 9
Daemon PID 3502 wrote log 8
Daemon PID 3506 wrote log 6
Daemon PID 3506 wrote log 7
Daemon PID 3502 wrote log 9
Daemon PID 3506 wrote log 8
Daemon PID 3506 wrote log 9
Daemon PID 3687 wrote log 0
Daemon PID 3687 wrote log 1
Daemon PID 3691 wrote log 0
Daemon PID 3687 wrote log 2
Daemon PID 3691 wrote log 1
Daemon PID 3697 wrote log 0
Daemon PID 3687 wrote log 3
Daemon PID 3691 wrote log 2
Daemon PID 3697 wrote log 1
Daemon PID 3701 wrote log 0
Daemon PID 3687 wrote log 4
Daemon PID 3691 wrote log 3
Daemon PID 3697 wrote log 2
Daemon PID 3701 wrote log 1
Daemon PID 3687 wrote log 5
Daemon PID 3691 wrote log 4
Daemon PID 3697 wrote log 3
Daemon PID 3701 wrote log 2
Daemon PID 3687 wrote log 6
Daemon PID 3691 wrote log 5
Daemon PID 3697 wrote log 4
Daemon PID 3722 wrote log 0
Daemon PID 3701 wrote log 3
Daemon PID 3687 wrote log 7
Daemon PID 3691 wrote log 6
Daemon PID 3697 wrote log 5
Daemon PID 3722 wrote log 1
Daemon PID 3701 wrote log 4
Daemon PID 3687 wrote log 8
Daemon PID 3691 wrote log 7
Daemon PID 3697 wrote log 6
Daemon PID 3701 wrote log 5
Daemon PID 3722 wrote log 2
Daemon PID 3687 wrote log 9
Daemon PID 3691 wrote log 8
Daemon PID 3697 wrote log 7
Daemon PID 3701 wrote log 6
Daemon PID 3722 wrote log 3
Daemon PID 3691 wrote log 9
Daemon PID 3697 wrote log 8
Daemon PID 3701 wrote log 7
Daemon PID 3722 wrote log 4
Daemon PID 3740 wrote log 0
Daemon PID 3697 wrote log 9
Daemon PID 3701 wrote log 8
Daemon PID 3722 wrote log 5
Daemon PID 3740 wrote log 1
Daemon PID 3701 wrote log 9
Daemon PID 3722 wrote log 6
Daemon PID 3740 wrote log 2
Daemon PID 3722 wrote log 7
Daemon PID 3740 wrote log 3
Daemon PID 3722 wrote log 8
Daemon PID 3740 wrote log 4
Daemon PID 3722 wrote log 9
Daemon PID 3770 wrote log 0
Daemon PID 3740 wrote log 5
Daemon PID 3740 wrote log 6
Daemon PID 3770 wrote log 1
Daemon PID 3775 wrote log 0
Daemon PID 3770 wrote log 2
Daemon PID 3740 wrote log 7
Daemon PID 3779 wrote log 0
Daemon PID 3775 wrote log 1
Daemon PID 3770 wrote log 3
Daemon PID 3740 wrote log 8
Daemon PID 3779 wrote log 1
Daemon PID 3775 wrote log 2
Daemon PID 3800 wrote log 0
Daemon PID 3803 wrote log 0
Daemon PID 3770 wrote log 4
Daemon PID 3740 wrote log 9
Daemon PID 3779 wrote log 2
Daemon PID 3775 wrote log 3
Daemon PID 3800 wrote log 1
Daemon PID 3803 wrote log 1
Daemon PID 3770 wrote log 5
Daemon PID 3779 wrote log 3
Daemon PID 3775 wrote log 4
Daemon PID 3800 wrote log 2
Daemon PID 3803 wrote log 2
Daemon PID 3770 wrote log 6
Daemon PID 3779 wrote log 4
Daemon PID 3775 wrote log 5
Daemon PID 3800 wrote log 3
Daemon PID 3803 wrote log 3
Daemon PID 3770 wrote log 7
Daemon PID 3779 wrote log 5
Daemon PID 3775 wrote log 6
Daemon PID 3800 wrote log 4
Daemon PID 3803 wrote log 4
Daemon PID 3770 wrote log 8
Daemon PID 3779 wrote log 6
Daemon PID 3775 wrote log 7
Daemon PID 3800 wrote log 5
Daemon PID 3803 wrote log 5
Daemon PID 3770 wrote log 9
Daemon PID 3779 wrote log 7
Daemon PID 3775 wrote log 8
Daemon PID 3803 wrote log 6
Daemon PID 3800 wrote log 6
Daemon PID 3779 wrote log 8
Daemon PID 3775 wrote log 9
Daemon PID 3803 wrote log 7
Daemon PID 3800 wrote log 7
Daemon PID 3779 wrote log 9
Daemon PID 3803 wrote log 8
Daemon PID 3800 wrote log 8
Daemon PID 3803 wrote log 9
Daemon PID 3800 wrote log 9
=======
PID 1060 Daemon writing line 0 to the file.  
PID 1060 Daemon writing line 1 to the file.  
PID 1060 Daemon writing line 2 to the file.  
>>>>>>> 11e6eb8f01b356c9f71994017139ab95a75cb996
PID 744 Daemon writing line 0 to the file.  
PID 744 Daemon writing line 1 to the file.  
PID 753 Daemon writing line 0 to the file.  
PID 744 Daemon writing line 2 to the file.  
PID 753 Daemon writing line 1 to the file.  
PID 775 Daemon writing line 0 to the file.  
PID 744 Daemon writing line 3 to the file.  
PID 753 Daemon writing line 2 to the file.  
PID 775 Daemon writing line 1 to the file.  
PID 744 Daemon writing line 4 to the file.  
PID 753 Daemon writing line 3 to the file.  
PID 775 Daemon writing line 2 to the file.  
PID 744 Daemon writing line 5 to the file.  
PID 753 Daemon writing line 4 to the file.  
PID 775 Daemon writing line 3 to the file.  
PID 744 Daemon writing line 6 to the file.  
PID 753 Daemon writing line 5 to the file.  
PID 775 Daemon writing line 4 to the file.  
PID 859 Daemon writing line 0 to the file.  
PID 744 Daemon writing line 7 to the file.  
PID 753 Daemon writing line 6 to the file.  
PID 775 Daemon writing line 5 to the file.  
PID 864 Daemon writing line 0 to the file.  
PID 859 Daemon writing line 1 to the file.  
PID 744 Daemon writing line 8 to the file.  
PID 753 Daemon writing line 7 to the file.  
PID 775 Daemon writing line 6 to the file.  
PID 864 Daemon writing line 1 to the file.  
PID 859 Daemon writing line 2 to the file.  
PID 744 Daemon writing line 9 to the file.  
PID 753 Daemon writing line 8 to the file.  
PID 775 Daemon writing line 7 to the file.  
PID 864 Daemon writing line 2 to the file.  
PID 859 Daemon writing line 3 to the file.  
PID 753 Daemon writing line 9 to the file.  
PID 775 Daemon writing line 8 to the file.  
PID 864 Daemon writing line 3 to the file.  
PID 859 Daemon writing line 4 to the file.  
PID 775 Daemon writing line 9 to the file.  
PID 864 Daemon writing line 4 to the file.  
PID 859 Daemon writing line 5 to the file.  
PID 864 Daemon writing line 5 to the file.  
PID 859 Daemon writing line 6 to the file.  
PID 864 Daemon writing line 6 to the file.  
PID 859 Daemon writing line 7 to the file.  
PID 864 Daemon writing line 7 to the file.  
PID 859 Daemon writing line 8 to the file.  
PID 864 Daemon writing line 8 to the file.  
PID 859 Daemon writing line 9 to the file.  
PID 864 Daemon writing line 9 to the file.  
PID 994 Daemon writing line 0 to the file.  
PID 994 Daemon writing line 1 to the file.  
PID 994 Daemon writing line 2 to the file.  
PID 994 Daemon writing line 3 to the file.  
PID 994 Daemon writing line 4 to the file.  
PID 994 Daemon writing line 5 to the file.  
PID 994 Daemon writing line 6 to the file.  
PID 994 Daemon writing line 7 to the file.  
PID 994 Daemon writing line 8 to the file.  
PID 994 Daemon writing line 9 to the file.  
Daemon PID 1137 writing line 0 to the file.
Daemon PID 1143 writing line 0 to the file.
Daemon PID 1137 writing line 1 to the file.
Daemon PID 1143 writing line 1 to the file.
Daemon PID 1137 writing line 2 to the file.
Daemon PID 1143 writing line 2 to the file.
Daemon PID 1137 writing line 3 to the file.
Daemon PID 1143 writing line 3 to the file.
Daemon PID 1171 writing line 0 to the file.
Daemon PID 1137 writing line 4 to the file.
Daemon PID 1143 writing line 4 to the file.
Daemon PID 1171 writing line 1 to the file.
Daemon PID 1137 writing line 5 to the file.
Daemon PID 1143 writing line 5 to the file.
Daemon PID 1171 writing line 2 to the file.
Daemon PID 1137 writing line 6 to the file.
Daemon PID 1143 writing line 6 to the file.
Daemon PID 1171 writing line 3 to the file.
Daemon PID 1137 writing line 7 to the file.
Daemon PID 1143 writing line 7 to the file.
Daemon PID 1171 writing line 4 to the file.
Daemon PID 1137 writing line 8 to the file.
Daemon PID 1143 writing line 8 to the file.
Daemon PID 1171 writing line 5 to the file.
Daemon PID 1137 writing line 9 to the file.
Daemon PID 1143 writing line 9 to the file.
Daemon PID 1171 writing line 6 to the file.
Daemon PID 1171 writing line 7 to the file.
Daemon PID 1171 writing line 8 to the file.
Daemon PID 1171 writing line 9 to the file.
Daemon PID 796 writing line 0 to the file.
Daemon PID 796 writing line 1 to the file.
Daemon PID 802 writing line 0 to the file.
Daemon PID 796 writing line 2 to the file.
Daemon PID 805 writing line 0 to the file.
Daemon PID 802 writing line 1 to the file.
Daemon PID 796 writing line 3 to the file.
Daemon PID 805 writing line 1 to the file.
Daemon PID 802 writing line 2 to the file.
Daemon PID 796 writing line 4 to the file.
Daemon PID 805 writing line 2 to the file.
Daemon PID 802 writing line 3 to the file.
Daemon PID 796 writing line 5 to the file.
Daemon PID 805 writing line 3 to the file.
Daemon PID 802 writing line 4 to the file.
Daemon PID 796 writing line 6 to the file.
Daemon PID 805 writing line 4 to the file.
Daemon PID 802 writing line 5 to the file.
Daemon PID 796 writing line 7 to the file.
Daemon PID 805 writing line 5 to the file.
Daemon PID 802 writing line 6 to the file.
Daemon PID 796 writing line 8 to the file.
Daemon PID 805 writing line 6 to the file.
Daemon PID 802 writing line 7 to the file.
Daemon PID 796 writing line 9 to the file.
Daemon PID 805 writing line 7 to the file.
Daemon PID 802 writing line 8 to the file.
Daemon PID 805 writing line 8 to the file.
Daemon PID 802 writing line 9 to the file.
Daemon PID 805 writing line 9 to the file.
Daemon PID 1125 writing line 0 to the file.
Daemon PID 1125 writing line 1 to the file.
Daemon PID 1125 writing line 2 to the file.
Daemon PID 1164 writing line 0 to the file.
Daemon PID 1125 writing line 3 to the file.
Daemon PID 1167 writing line 0 to the file.
Daemon PID 1164 writing line 1 to the file.
Daemon PID 1125 writing line 4 to the file.
Daemon PID 1167 writing line 1 to the file.
Daemon PID 1164 writing line 2 to the file.
Daemon PID 1125 writing line 5 to the file.
Daemon PID 1167 writing line 2 to the file.
Daemon PID 1164 writing line 3 to the file.
Daemon PID 1125 writing line 6 to the file.
Daemon PID 1167 writing line 3 to the file.
